  Animation.cpp
C:\Users\Kujo\Documents\mar 30- Game_2013\Game_2013\Game_2013\SFML\include\SFML\Window.hpp(32,10): fatal error C1083: Cannot open include file: 'SFML/System.hpp': No such file or directory
  BaseEntity.cpp
C:\Users\Kujo\Documents\mar 30- Game_2013\Game_2013\Game_2013\SFML\include\SFML\Window.hpp(32,10): fatal error C1083: Cannot open include file: 'SFML/System.hpp': No such file or directory
  BoundingSphere.cpp
C:\Users\Kujo\Documents\mar 30- Game_2013\Game_2013\Game_2013\SFML\include\SFML\Window.hpp(32,10): fatal error C1083: Cannot open include file: 'SFML/System.hpp': No such file or directory
  Enemy.cpp
C:\Users\Kujo\Documents\mar 30- Game_2013\Game_2013\Game_2013\SFML\include\SFML\Window.hpp(32,10): fatal error C1083: Cannot open include file: 'SFML/System.hpp': No such file or directory
  EntityManager.cpp
C:\Users\Kujo\Documents\mar 30- Game_2013\Game_2013\Game_2013\SFML\include\SFML\Window.hpp(32,10): fatal error C1083: Cannot open include file: 'SFML/System.hpp': No such file or directory
  EventManager.cpp
C:\Users\Kujo\Documents\mar 30- Game_2013\Game_2013\Game_2013\SFML\include\SFML\Window.hpp(32,10): fatal error C1083: Cannot open include file: 'SFML/System.hpp': No such file or directory
  Game.cpp
C:\Users\Kujo\Documents\mar 30- Game_2013\Game_2013\Game_2013\SFML\include\SFML\Window.hpp(32,10): fatal error C1083: Cannot open include file: 'SFML/System.hpp': No such file or directory
  Item.cpp
C:\Users\Kujo\Documents\mar 30- Game_2013\Game_2013\Game_2013\SFML\include\SFML\Window.hpp(32,10): fatal error C1083: Cannot open include file: 'SFML/System.hpp': No such file or directory
  ItemSpawner.cpp
C:\Users\Kujo\Documents\mar 30- Game_2013\Game_2013\Game_2013\SFML\include\SFML\Window.hpp(32,10): fatal error C1083: Cannot open include file: 'SFML/System.hpp': No such file or directory
  MessageRelay.cpp
C:\Users\Kujo\Documents\mar 30- Game_2013\Game_2013\Game_2013\SFML\include\SFML\Window.hpp(32,10): fatal error C1083: Cannot open include file: 'SFML/System.hpp': No such file or directory
  Model.cpp
C:\Users\Kujo\Documents\mar 30- Game_2013\Game_2013\Game_2013\SFML\include\SFML\Window.hpp(32,10): fatal error C1083: Cannot open include file: 'SFML/System.hpp': No such file or directory
  Particle.cpp
C:\Users\Kujo\Documents\mar 30- Game_2013\Game_2013\Game_2013\SFML\include\SFML\Window.hpp(32,10): fatal error C1083: Cannot open include file: 'SFML/System.hpp': No such file or directory
  ParticleManager.cpp
C:\Users\Kujo\Documents\mar 30- Game_2013\Game_2013\Game_2013\SFML\include\SFML\Window.hpp(32,10): fatal error C1083: Cannot open include file: 'SFML/System.hpp': No such file or directory
  ParticleSystem.cpp
C:\Users\Kujo\Documents\mar 30- Game_2013\Game_2013\Game_2013\SFML\include\SFML\Window.hpp(32,10): fatal error C1083: Cannot open include file: 'SFML/System.hpp': No such file or directory
  Player.cpp
C:\Users\Kujo\Documents\mar 30- Game_2013\Game_2013\Game_2013\SFML\include\SFML\Window.hpp(32,10): fatal error C1083: Cannot open include file: 'SFML/System.hpp': No such file or directory
  Projectile.cpp
C:\Users\Kujo\Documents\mar 30- Game_2013\Game_2013\Game_2013\SFML\include\SFML\Window.hpp(32,10): fatal error C1083: Cannot open include file: 'SFML/System.hpp': No such file or directory
  QuickBeats.cpp
C:\Users\Kujo\Documents\mar 30- Game_2013\Game_2013\Game_2013\SFML\include\SFML\Window.hpp(32,10): fatal error C1083: Cannot open include file: 'SFML/System.hpp': No such file or directory
  Weapon.cpp
C:\Users\Kujo\Documents\mar 30- Game_2013\Game_2013\Game_2013\SFML\include\SFML\Window.hpp(32,10): fatal error C1083: Cannot open include file: 'SFML/System.hpp': No such file or directory
  Generating Code...
