C:\USERS\100322440\DESKTOP\SCHOOL\SEMESTER 2\GDW\GAME_2013\GAME_2013\RELEASE\ANIMATION.OBJ
C:\USERS\100322440\DESKTOP\SCHOOL\SEMESTER 2\GDW\GAME_2013\GAME_2013\RELEASE\BASEENTITY.OBJ
C:\USERS\100322440\DESKTOP\SCHOOL\SEMESTER 2\GDW\GAME_2013\GAME_2013\RELEASE\BOUNDINGSPHERE.OBJ
C:\USERS\100322440\DESKTOP\SCHOOL\SEMESTER 2\GDW\GAME_2013\GAME_2013\RELEASE\CAMERA.OBJ
C:\USERS\100322440\DESKTOP\SCHOOL\SEMESTER 2\GDW\GAME_2013\GAME_2013\RELEASE\CATMULLPATH.OBJ
C:\USERS\100322440\DESKTOP\SCHOOL\SEMESTER 2\GDW\GAME_2013\GAME_2013\RELEASE\ENEMY.OBJ
C:\USERS\100322440\DESKTOP\SCHOOL\SEMESTER 2\GDW\GAME_2013\GAME_2013\RELEASE\ENTITYMANAGER.OBJ
C:\USERS\100322440\DESKTOP\SCHOOL\SEMESTER 2\GDW\GAME_2013\GAME_2013\RELEASE\EVENTMANAGER.OBJ
C:\USERS\100322440\DESKTOP\SCHOOL\SEMESTER 2\GDW\GAME_2013\GAME_2013\RELEASE\GAME.OBJ
C:\USERS\100322440\DESKTOP\SCHOOL\SEMESTER 2\GDW\GAME_2013\GAME_2013\RELEASE\GAME_2013.EXE.INTERMEDIATE.MANIFEST
C:\USERS\100322440\DESKTOP\SCHOOL\SEMESTER 2\GDW\GAME_2013\GAME_2013\RELEASE\ITEM.OBJ
C:\USERS\100322440\DESKTOP\SCHOOL\SEMESTER 2\GDW\GAME_2013\GAME_2013\RELEASE\ITEMSPAWNER.OBJ
C:\USERS\100322440\DESKTOP\SCHOOL\SEMESTER 2\GDW\GAME_2013\GAME_2013\RELEASE\MAIN.OBJ
C:\USERS\100322440\DESKTOP\SCHOOL\SEMESTER 2\GDW\GAME_2013\GAME_2013\RELEASE\MESSAGERELAY.OBJ
C:\USERS\100322440\DESKTOP\SCHOOL\SEMESTER 2\GDW\GAME_2013\GAME_2013\RELEASE\MODEL.OBJ
C:\USERS\100322440\DESKTOP\SCHOOL\SEMESTER 2\GDW\GAME_2013\GAME_2013\RELEASE\NAVMESH.OBJ
C:\USERS\100322440\DESKTOP\SCHOOL\SEMESTER 2\GDW\GAME_2013\GAME_2013\RELEASE\ORIENTATIONPATH.OBJ
C:\USERS\100322440\DESKTOP\SCHOOL\SEMESTER 2\GDW\GAME_2013\GAME_2013\RELEASE\PARTICLE.OBJ
C:\USERS\100322440\DESKTOP\SCHOOL\SEMESTER 2\GDW\GAME_2013\GAME_2013\RELEASE\PARTICLEMANAGER.OBJ
C:\USERS\100322440\DESKTOP\SCHOOL\SEMESTER 2\GDW\GAME_2013\GAME_2013\RELEASE\PARTICLESYSTEM.OBJ
C:\USERS\100322440\DESKTOP\SCHOOL\SEMESTER 2\GDW\GAME_2013\GAME_2013\RELEASE\PLAYER.OBJ
C:\USERS\100322440\DESKTOP\SCHOOL\SEMESTER 2\GDW\GAME_2013\GAME_2013\RELEASE\PROJECTILE.OBJ
C:\USERS\100322440\DESKTOP\SCHOOL\SEMESTER 2\GDW\GAME_2013\GAME_2013\RELEASE\QUICKBEATS.OBJ
C:\USERS\100322440\DESKTOP\SCHOOL\SEMESTER 2\GDW\GAME_2013\GAME_2013\RELEASE\VC100.PDB
C:\USERS\100322440\DESKTOP\SCHOOL\SEMESTER 2\GDW\GAME_2013\GAME_2013\RELEASE\VERTEXBUFFER.OBJ
C:\USERS\100322440\DESKTOP\SCHOOL\SEMESTER 2\GDW\GAME_2013\GAME_2013\RELEASE\WEAPON.OBJ
C:\USERS\100322440\DESKTOP\SCHOOL\SEMESTER 2\GDW\GAME_2013\RELEASE\GAME_2013.EXE
C:\USERS\100322440\DESKTOP\SCHOOL\SEMESTER 2\GDW\GAME_2013\RELEASE\GAME_2013.PDB
C:\USERS\100322440\DROPBOX\UNIVERSE A\PROGRAMMING\GAME_2013\GAME_2013\RELEASE\ANIMATION.OBJ
C:\USERS\100322440\DROPBOX\UNIVERSE A\PROGRAMMING\GAME_2013\GAME_2013\RELEASE\BASEENTITY.OBJ
C:\USERS\100322440\DROPBOX\UNIVERSE A\PROGRAMMING\GAME_2013\GAME_2013\RELEASE\BOUNDINGSPHERE.OBJ
C:\USERS\100322440\DROPBOX\UNIVERSE A\PROGRAMMING\GAME_2013\GAME_2013\RELEASE\CAMERA.OBJ
C:\USERS\100322440\DROPBOX\UNIVERSE A\PROGRAMMING\GAME_2013\GAME_2013\RELEASE\CATMULLPATH.OBJ
C:\USERS\100322440\DROPBOX\UNIVERSE A\PROGRAMMING\GAME_2013\GAME_2013\RELEASE\ENEMY.OBJ
C:\USERS\100322440\DROPBOX\UNIVERSE A\PROGRAMMING\GAME_2013\GAME_2013\RELEASE\ENTITYMANAGER.OBJ
C:\USERS\100322440\DROPBOX\UNIVERSE A\PROGRAMMING\GAME_2013\GAME_2013\RELEASE\EVENTMANAGER.OBJ
C:\USERS\100322440\DROPBOX\UNIVERSE A\PROGRAMMING\GAME_2013\GAME_2013\RELEASE\GAME.OBJ
C:\USERS\100322440\DROPBOX\UNIVERSE A\PROGRAMMING\GAME_2013\GAME_2013\RELEASE\GAME_2013.EXE.INTERMEDIATE.MANIFEST
C:\USERS\100322440\DROPBOX\UNIVERSE A\PROGRAMMING\GAME_2013\GAME_2013\RELEASE\ITEM.OBJ
C:\USERS\100322440\DROPBOX\UNIVERSE A\PROGRAMMING\GAME_2013\GAME_2013\RELEASE\ITEMSPAWNER.OBJ
C:\USERS\100322440\DROPBOX\UNIVERSE A\PROGRAMMING\GAME_2013\GAME_2013\RELEASE\MAIN.OBJ
C:\USERS\100322440\DROPBOX\UNIVERSE A\PROGRAMMING\GAME_2013\GAME_2013\RELEASE\MESSAGERELAY.OBJ
C:\USERS\100322440\DROPBOX\UNIVERSE A\PROGRAMMING\GAME_2013\GAME_2013\RELEASE\MODEL.OBJ
C:\USERS\100322440\DROPBOX\UNIVERSE A\PROGRAMMING\GAME_2013\GAME_2013\RELEASE\NAVMESH.OBJ
C:\USERS\100322440\DROPBOX\UNIVERSE A\PROGRAMMING\GAME_2013\GAME_2013\RELEASE\ORIENTATIONPATH.OBJ
C:\USERS\100322440\DROPBOX\UNIVERSE A\PROGRAMMING\GAME_2013\GAME_2013\RELEASE\PARTICLE.OBJ
C:\USERS\100322440\DROPBOX\UNIVERSE A\PROGRAMMING\GAME_2013\GAME_2013\RELEASE\PARTICLEMANAGER.OBJ
C:\USERS\100322440\DROPBOX\UNIVERSE A\PROGRAMMING\GAME_2013\GAME_2013\RELEASE\PARTICLESYSTEM.OBJ
C:\USERS\100322440\DROPBOX\UNIVERSE A\PROGRAMMING\GAME_2013\GAME_2013\RELEASE\PLAYER.OBJ
C:\USERS\100322440\DROPBOX\UNIVERSE A\PROGRAMMING\GAME_2013\GAME_2013\RELEASE\PROJECTILE.OBJ
C:\USERS\100322440\DROPBOX\UNIVERSE A\PROGRAMMING\GAME_2013\GAME_2013\RELEASE\QUICKBEATS.OBJ
C:\USERS\100322440\DROPBOX\UNIVERSE A\PROGRAMMING\GAME_2013\GAME_2013\RELEASE\VC100.PDB
C:\USERS\100322440\DROPBOX\UNIVERSE A\PROGRAMMING\GAME_2013\GAME_2013\RELEASE\VERTEXBUFFER.OBJ
C:\USERS\100322440\DROPBOX\UNIVERSE A\PROGRAMMING\GAME_2013\GAME_2013\RELEASE\WEAPON.OBJ
C:\USERS\100322440\DROPBOX\UNIVERSE A\PROGRAMMING\GAME_2013\RELEASE\GAME_2013.EXE
C:\USERS\100322440\DROPBOX\UNIVERSE A\PROGRAMMING\GAME_2013\RELEASE\GAME_2013.PDB
C:\USERS\100480664\DROPBOX\UNIVERSE A\PROGRAMMING\GAME_2013\GAME_2013\RELEASE\ANIMATION.OBJ
C:\USERS\100480664\DROPBOX\UNIVERSE A\PROGRAMMING\GAME_2013\GAME_2013\RELEASE\BASEENTITY.OBJ
C:\USERS\100480664\DROPBOX\UNIVERSE A\PROGRAMMING\GAME_2013\GAME_2013\RELEASE\BOUNDINGSPHERE.OBJ
C:\USERS\100480664\DROPBOX\UNIVERSE A\PROGRAMMING\GAME_2013\GAME_2013\RELEASE\CAMERA.OBJ
C:\USERS\100480664\DROPBOX\UNIVERSE A\PROGRAMMING\GAME_2013\GAME_2013\RELEASE\CATMULLPATH.OBJ
C:\USERS\100480664\DROPBOX\UNIVERSE A\PROGRAMMING\GAME_2013\GAME_2013\RELEASE\ENEMY.OBJ
C:\USERS\100480664\DROPBOX\UNIVERSE A\PROGRAMMING\GAME_2013\GAME_2013\RELEASE\ENTITYMANAGER.OBJ
C:\USERS\100480664\DROPBOX\UNIVERSE A\PROGRAMMING\GAME_2013\GAME_2013\RELEASE\EVENTMANAGER.OBJ
C:\USERS\100480664\DROPBOX\UNIVERSE A\PROGRAMMING\GAME_2013\GAME_2013\RELEASE\GAME.OBJ
C:\USERS\100480664\DROPBOX\UNIVERSE A\PROGRAMMING\GAME_2013\GAME_2013\RELEASE\GAME_2013.EXE.INTERMEDIATE.MANIFEST
C:\USERS\100480664\DROPBOX\UNIVERSE A\PROGRAMMING\GAME_2013\GAME_2013\RELEASE\ITEM.OBJ
C:\USERS\100480664\DROPBOX\UNIVERSE A\PROGRAMMING\GAME_2013\GAME_2013\RELEASE\ITEMSPAWNER.OBJ
C:\USERS\100480664\DROPBOX\UNIVERSE A\PROGRAMMING\GAME_2013\GAME_2013\RELEASE\MAIN.OBJ
C:\USERS\100480664\DROPBOX\UNIVERSE A\PROGRAMMING\GAME_2013\GAME_2013\RELEASE\MESSAGERELAY.OBJ
C:\USERS\100480664\DROPBOX\UNIVERSE A\PROGRAMMING\GAME_2013\GAME_2013\RELEASE\MODEL.OBJ
C:\USERS\100480664\DROPBOX\UNIVERSE A\PROGRAMMING\GAME_2013\GAME_2013\RELEASE\NAVMESH.OBJ
C:\USERS\100480664\DROPBOX\UNIVERSE A\PROGRAMMING\GAME_2013\GAME_2013\RELEASE\ORIENTATIONPATH.OBJ
C:\USERS\100480664\DROPBOX\UNIVERSE A\PROGRAMMING\GAME_2013\GAME_2013\RELEASE\PARTICLE.OBJ
C:\USERS\100480664\DROPBOX\UNIVERSE A\PROGRAMMING\GAME_2013\GAME_2013\RELEASE\PARTICLEMANAGER.OBJ
C:\USERS\100480664\DROPBOX\UNIVERSE A\PROGRAMMING\GAME_2013\GAME_2013\RELEASE\PARTICLESYSTEM.OBJ
C:\USERS\100480664\DROPBOX\UNIVERSE A\PROGRAMMING\GAME_2013\GAME_2013\RELEASE\PLAYER.OBJ
C:\USERS\100480664\DROPBOX\UNIVERSE A\PROGRAMMING\GAME_2013\GAME_2013\RELEASE\PROJECTILE.OBJ
C:\USERS\100480664\DROPBOX\UNIVERSE A\PROGRAMMING\GAME_2013\GAME_2013\RELEASE\QUICKBEATS.OBJ
C:\USERS\100480664\DROPBOX\UNIVERSE A\PROGRAMMING\GAME_2013\GAME_2013\RELEASE\VC100.PDB
C:\USERS\100480664\DROPBOX\UNIVERSE A\PROGRAMMING\GAME_2013\GAME_2013\RELEASE\WEAPON.OBJ
C:\USERS\100480664\DROPBOX\UNIVERSE A\PROGRAMMING\GAME_2013\RELEASE\GAME_2013.EXE
C:\USERS\100480664\DROPBOX\UNIVERSE A\PROGRAMMING\GAME_2013\RELEASE\GAME_2013.PDB
C:\USERS\100488246\DOCUMENTS\INTRO TO GRAPHICS\MIDTERM 2.0\GAME_2013\RELEASE\ANIMATION.OBJ
C:\USERS\100488246\DOCUMENTS\INTRO TO GRAPHICS\MIDTERM 2.0\GAME_2013\RELEASE\BASEENTITY.OBJ
C:\USERS\100488246\DOCUMENTS\INTRO TO GRAPHICS\MIDTERM 2.0\GAME_2013\RELEASE\BOUNDINGBOX.OBJ
C:\USERS\100488246\DOCUMENTS\INTRO TO GRAPHICS\MIDTERM 2.0\GAME_2013\RELEASE\ENEMY.OBJ
C:\USERS\100488246\DOCUMENTS\INTRO TO GRAPHICS\MIDTERM 2.0\GAME_2013\RELEASE\ENTITYMANAGER.OBJ
C:\USERS\100488246\DOCUMENTS\INTRO TO GRAPHICS\MIDTERM 2.0\GAME_2013\RELEASE\GAME.OBJ
C:\USERS\100488246\DOCUMENTS\INTRO TO GRAPHICS\MIDTERM 2.0\GAME_2013\RELEASE\GAME_2013.EXE.INTERMEDIATE.MANIFEST
C:\USERS\100488246\DOCUMENTS\INTRO TO GRAPHICS\MIDTERM 2.0\GAME_2013\RELEASE\MAIN.OBJ
C:\USERS\100488246\DOCUMENTS\INTRO TO GRAPHICS\MIDTERM 2.0\GAME_2013\RELEASE\MODEL.OBJ
C:\USERS\100488246\DOCUMENTS\INTRO TO GRAPHICS\MIDTERM 2.0\GAME_2013\RELEASE\PARTICLE.OBJ
C:\USERS\100488246\DOCUMENTS\INTRO TO GRAPHICS\MIDTERM 2.0\GAME_2013\RELEASE\PARTICLEMANAGER.OBJ
C:\USERS\100488246\DOCUMENTS\INTRO TO GRAPHICS\MIDTERM 2.0\GAME_2013\RELEASE\PARTICLESYSTEM.OBJ
C:\USERS\100488246\DOCUMENTS\INTRO TO GRAPHICS\MIDTERM 2.0\GAME_2013\RELEASE\PLAYER.OBJ
C:\USERS\100488246\DOCUMENTS\INTRO TO GRAPHICS\MIDTERM 2.0\GAME_2013\RELEASE\PROJECTILE.OBJ
C:\USERS\100488246\DOCUMENTS\INTRO TO GRAPHICS\MIDTERM 2.0\GAME_2013\RELEASE\QUICKBEATS.OBJ
C:\USERS\100488246\DOCUMENTS\INTRO TO GRAPHICS\MIDTERM 2.0\GAME_2013\RELEASE\VC100.PDB
C:\USERS\100488246\DOCUMENTS\INTRO TO GRAPHICS\MIDTERM 2.0\RELEASE\GAME_2013.EXE
C:\USERS\100488246\DOCUMENTS\INTRO TO GRAPHICS\MIDTERM 2.0\RELEASE\GAME_2013.PDB
C:\USERS\100488246\DROPBOX\UNIVERSE A\PROGRAMMING\GAME_2013\GAME_2013\RELEASE\ANIMATION.OBJ
C:\USERS\100488246\DROPBOX\UNIVERSE A\PROGRAMMING\GAME_2013\GAME_2013\RELEASE\BASEENTITY.OBJ
C:\USERS\100488246\DROPBOX\UNIVERSE A\PROGRAMMING\GAME_2013\GAME_2013\RELEASE\BOUNDINGSPHERE.OBJ
C:\USERS\100488246\DROPBOX\UNIVERSE A\PROGRAMMING\GAME_2013\GAME_2013\RELEASE\CAMERA.OBJ
C:\USERS\100488246\DROPBOX\UNIVERSE A\PROGRAMMING\GAME_2013\GAME_2013\RELEASE\CATMULLPATH.OBJ
C:\USERS\100488246\DROPBOX\UNIVERSE A\PROGRAMMING\GAME_2013\GAME_2013\RELEASE\ENEMY.OBJ
C:\USERS\100488246\DROPBOX\UNIVERSE A\PROGRAMMING\GAME_2013\GAME_2013\RELEASE\ENTITYMANAGER.OBJ
C:\USERS\100488246\DROPBOX\UNIVERSE A\PROGRAMMING\GAME_2013\GAME_2013\RELEASE\EVENTMANAGER.OBJ
C:\USERS\100488246\DROPBOX\UNIVERSE A\PROGRAMMING\GAME_2013\GAME_2013\RELEASE\GAME.OBJ
C:\USERS\100488246\DROPBOX\UNIVERSE A\PROGRAMMING\GAME_2013\GAME_2013\RELEASE\GAME_2013.EXE.INTERMEDIATE.MANIFEST
C:\USERS\100488246\DROPBOX\UNIVERSE A\PROGRAMMING\GAME_2013\GAME_2013\RELEASE\ITEM.OBJ
C:\USERS\100488246\DROPBOX\UNIVERSE A\PROGRAMMING\GAME_2013\GAME_2013\RELEASE\ITEMSPAWNER.OBJ
C:\USERS\100488246\DROPBOX\UNIVERSE A\PROGRAMMING\GAME_2013\GAME_2013\RELEASE\MAIN.OBJ
C:\USERS\100488246\DROPBOX\UNIVERSE A\PROGRAMMING\GAME_2013\GAME_2013\RELEASE\MESSAGERELAY.OBJ
C:\USERS\100488246\DROPBOX\UNIVERSE A\PROGRAMMING\GAME_2013\GAME_2013\RELEASE\MODEL.OBJ
C:\USERS\100488246\DROPBOX\UNIVERSE A\PROGRAMMING\GAME_2013\GAME_2013\RELEASE\NAVMESH.OBJ
C:\USERS\100488246\DROPBOX\UNIVERSE A\PROGRAMMING\GAME_2013\GAME_2013\RELEASE\ORIENTATIONPATH.OBJ
C:\USERS\100488246\DROPBOX\UNIVERSE A\PROGRAMMING\GAME_2013\GAME_2013\RELEASE\PARTICLE.OBJ
C:\USERS\100488246\DROPBOX\UNIVERSE A\PROGRAMMING\GAME_2013\GAME_2013\RELEASE\PARTICLEMANAGER.OBJ
C:\USERS\100488246\DROPBOX\UNIVERSE A\PROGRAMMING\GAME_2013\GAME_2013\RELEASE\PARTICLESYSTEM.OBJ
C:\USERS\100488246\DROPBOX\UNIVERSE A\PROGRAMMING\GAME_2013\GAME_2013\RELEASE\PLAYER.OBJ
C:\USERS\100488246\DROPBOX\UNIVERSE A\PROGRAMMING\GAME_2013\GAME_2013\RELEASE\PROJECTILE.OBJ
C:\USERS\100488246\DROPBOX\UNIVERSE A\PROGRAMMING\GAME_2013\GAME_2013\RELEASE\QUICKBEATS.OBJ
C:\USERS\100488246\DROPBOX\UNIVERSE A\PROGRAMMING\GAME_2013\GAME_2013\RELEASE\VC100.PDB
C:\USERS\100488246\DROPBOX\UNIVERSE A\PROGRAMMING\GAME_2013\GAME_2013\RELEASE\WEAPON.OBJ
C:\USERS\100488246\DROPBOX\UNIVERSE A\PROGRAMMING\GAME_2013\RELEASE\GAME_2013.EXE
C:\USERS\100488246\DROPBOX\UNIVERSE A\PROGRAMMING\GAME_2013\RELEASE\GAME_2013.PDB
C:\USERS\100488898\DROPBOX\UNIVERSE A\PROGRAMMING\GAME_2013\GAME_2013\RELEASE\ANIMATION.OBJ
C:\USERS\100488898\DROPBOX\UNIVERSE A\PROGRAMMING\GAME_2013\GAME_2013\RELEASE\BASEENTITY.OBJ
C:\Users\100488898\Dropbox\Universe A\Programming\Game_2013\Game_2013\Release\BoundingBox.obj
C:\USERS\100488898\DROPBOX\UNIVERSE A\PROGRAMMING\GAME_2013\GAME_2013\RELEASE\BOUNDINGSPHERE.OBJ
C:\USERS\100488898\DROPBOX\UNIVERSE A\PROGRAMMING\GAME_2013\GAME_2013\RELEASE\CAMERA.OBJ
C:\USERS\100488898\DROPBOX\UNIVERSE A\PROGRAMMING\GAME_2013\GAME_2013\RELEASE\CATMULLPATH.OBJ
C:\Users\100488898\Dropbox\Universe A\Programming\Game_2013\Game_2013\Release\cl.command.1 (Jing Cheng's conflicted copy 2014-03-04).tlog
C:\Users\100488898\Dropbox\Universe A\Programming\Game_2013\Game_2013\Release\cl.command.1.tlog
C:\Users\100488898\Dropbox\Universe A\Programming\Game_2013\Game_2013\Release\CL.read.1 (Jing Cheng's conflicted copy 2014-03-04).tlog
C:\Users\100488898\Dropbox\Universe A\Programming\Game_2013\Game_2013\Release\CL.read.1.tlog
C:\Users\100488898\Dropbox\Universe A\Programming\Game_2013\Game_2013\Release\CL.write.1 (Jing Cheng's conflicted copy 2014-03-04).tlog
C:\Users\100488898\Dropbox\Universe A\Programming\Game_2013\Game_2013\Release\CL.write.1.tlog
C:\USERS\100488898\DROPBOX\UNIVERSE A\PROGRAMMING\GAME_2013\GAME_2013\RELEASE\ENEMY.OBJ
C:\USERS\100488898\DROPBOX\UNIVERSE A\PROGRAMMING\GAME_2013\GAME_2013\RELEASE\ENTITYMANAGER.OBJ
C:\USERS\100488898\DROPBOX\UNIVERSE A\PROGRAMMING\GAME_2013\GAME_2013\RELEASE\EVENTMANAGER.OBJ
C:\USERS\100488898\DROPBOX\UNIVERSE A\PROGRAMMING\GAME_2013\GAME_2013\RELEASE\GAME.OBJ
C:\USERS\100488898\DROPBOX\UNIVERSE A\PROGRAMMING\GAME_2013\GAME_2013\RELEASE\GAME_2013.EXE.INTERMEDIATE.MANIFEST
C:\Users\100488898\Dropbox\Universe A\Programming\Game_2013\Game_2013\Release\Game_2013.vcxprojResolveAssemblyReference.cache
C:\Users\100488898\Dropbox\Universe A\Programming\Game_2013\Game_2013\Release\Game_2013.write.1.tlog
C:\USERS\100488898\DROPBOX\UNIVERSE A\PROGRAMMING\GAME_2013\GAME_2013\RELEASE\ITEM.OBJ
C:\USERS\100488898\DROPBOX\UNIVERSE A\PROGRAMMING\GAME_2013\GAME_2013\RELEASE\ITEMSPAWNER.OBJ
C:\Users\100488898\Dropbox\Universe A\Programming\Game_2013\Game_2013\Release\link.command.1 (Jing Cheng's conflicted copy 2014-03-04).tlog
C:\Users\100488898\Dropbox\Universe A\Programming\Game_2013\Game_2013\Release\link.command.1.tlog
C:\Users\100488898\Dropbox\Universe A\Programming\Game_2013\Game_2013\Release\link.read.1 (Jing Cheng's conflicted copy 2014-03-04).tlog
C:\Users\100488898\Dropbox\Universe A\Programming\Game_2013\Game_2013\Release\link.read.1.tlog
C:\Users\100488898\Dropbox\Universe A\Programming\Game_2013\Game_2013\Release\link.write.1 (Jing Cheng's conflicted copy 2014-03-04).tlog
C:\Users\100488898\Dropbox\Universe A\Programming\Game_2013\Game_2013\Release\link.write.1.tlog
C:\USERS\100488898\DROPBOX\UNIVERSE A\PROGRAMMING\GAME_2013\GAME_2013\RELEASE\MAIN.OBJ
C:\USERS\100488898\DROPBOX\UNIVERSE A\PROGRAMMING\GAME_2013\GAME_2013\RELEASE\MESSAGERELAY.OBJ
C:\USERS\100488898\DROPBOX\UNIVERSE A\PROGRAMMING\GAME_2013\GAME_2013\RELEASE\MODEL.OBJ
C:\Users\100488898\Dropbox\Universe A\Programming\Game_2013\Game_2013\Release\mt.command.1.tlog
C:\Users\100488898\Dropbox\Universe A\Programming\Game_2013\Game_2013\Release\mt.read.1.tlog
C:\Users\100488898\Dropbox\Universe A\Programming\Game_2013\Game_2013\Release\mt.write.1.tlog
C:\USERS\100488898\DROPBOX\UNIVERSE A\PROGRAMMING\GAME_2013\GAME_2013\RELEASE\NAVMESH.OBJ
C:\USERS\100488898\DROPBOX\UNIVERSE A\PROGRAMMING\GAME_2013\GAME_2013\RELEASE\ORIENTATIONPATH.OBJ
C:\USERS\100488898\DROPBOX\UNIVERSE A\PROGRAMMING\GAME_2013\GAME_2013\RELEASE\PARTICLE.OBJ
C:\USERS\100488898\DROPBOX\UNIVERSE A\PROGRAMMING\GAME_2013\GAME_2013\RELEASE\PARTICLEMANAGER.OBJ
C:\USERS\100488898\DROPBOX\UNIVERSE A\PROGRAMMING\GAME_2013\GAME_2013\RELEASE\PARTICLESYSTEM.OBJ
C:\USERS\100488898\DROPBOX\UNIVERSE A\PROGRAMMING\GAME_2013\GAME_2013\RELEASE\PLAYER.OBJ
C:\USERS\100488898\DROPBOX\UNIVERSE A\PROGRAMMING\GAME_2013\GAME_2013\RELEASE\PROJECTILE.OBJ
C:\USERS\100488898\DROPBOX\UNIVERSE A\PROGRAMMING\GAME_2013\GAME_2013\RELEASE\QUICKBEATS.OBJ
C:\USERS\100488898\DROPBOX\UNIVERSE A\PROGRAMMING\GAME_2013\GAME_2013\RELEASE\SOUNDMANAGER.OBJ
C:\Users\100488898\Dropbox\Universe A\Programming\Game_2013\Game_2013\Release\vc100 (Jing Cheng's conflicted copy 2014-03-04).pdb
C:\USERS\100488898\DROPBOX\UNIVERSE A\PROGRAMMING\GAME_2013\GAME_2013\RELEASE\VC100.PDB
C:\USERS\100488898\DROPBOX\UNIVERSE A\PROGRAMMING\GAME_2013\GAME_2013\RELEASE\VERTEXBUFFER.OBJ
C:\USERS\100488898\DROPBOX\UNIVERSE A\PROGRAMMING\GAME_2013\GAME_2013\RELEASE\WEAPON.OBJ
C:\USERS\100488898\DROPBOX\UNIVERSE A\PROGRAMMING\GAME_2013\RELEASE\GAME_2013.EXE
C:\USERS\100488898\DROPBOX\UNIVERSE A\PROGRAMMING\GAME_2013\RELEASE\GAME_2013.PDB
C:\USERS\100491570\DROPBOX\UNIVERSE A\PROGRAMMING\GAME_2013\GAME_2013\RELEASE\ANIMATION.OBJ
C:\USERS\100491570\DROPBOX\UNIVERSE A\PROGRAMMING\GAME_2013\GAME_2013\RELEASE\BASEENTITY.OBJ
C:\USERS\100491570\DROPBOX\UNIVERSE A\PROGRAMMING\GAME_2013\GAME_2013\RELEASE\BOUNDINGSPHERE.OBJ
C:\USERS\100491570\DROPBOX\UNIVERSE A\PROGRAMMING\GAME_2013\GAME_2013\RELEASE\CAMERA.OBJ
C:\USERS\100491570\DROPBOX\UNIVERSE A\PROGRAMMING\GAME_2013\GAME_2013\RELEASE\CATMULLPATH.OBJ
C:\USERS\100491570\DROPBOX\UNIVERSE A\PROGRAMMING\GAME_2013\GAME_2013\RELEASE\ENEMY.OBJ
C:\USERS\100491570\DROPBOX\UNIVERSE A\PROGRAMMING\GAME_2013\GAME_2013\RELEASE\ENTITYMANAGER.OBJ
C:\USERS\100491570\DROPBOX\UNIVERSE A\PROGRAMMING\GAME_2013\GAME_2013\RELEASE\EVENTMANAGER.OBJ
C:\USERS\100491570\DROPBOX\UNIVERSE A\PROGRAMMING\GAME_2013\GAME_2013\RELEASE\GAME.OBJ
C:\USERS\100491570\DROPBOX\UNIVERSE A\PROGRAMMING\GAME_2013\GAME_2013\RELEASE\GAME_2013.EXE.INTERMEDIATE.MANIFEST
C:\USERS\100491570\DROPBOX\UNIVERSE A\PROGRAMMING\GAME_2013\GAME_2013\RELEASE\ITEM.OBJ
C:\USERS\100491570\DROPBOX\UNIVERSE A\PROGRAMMING\GAME_2013\GAME_2013\RELEASE\ITEMSPAWNER.OBJ
C:\USERS\100491570\DROPBOX\UNIVERSE A\PROGRAMMING\GAME_2013\GAME_2013\RELEASE\MAIN.OBJ
C:\USERS\100491570\DROPBOX\UNIVERSE A\PROGRAMMING\GAME_2013\GAME_2013\RELEASE\MESSAGERELAY.OBJ
C:\USERS\100491570\DROPBOX\UNIVERSE A\PROGRAMMING\GAME_2013\GAME_2013\RELEASE\MODEL.OBJ
C:\USERS\100491570\DROPBOX\UNIVERSE A\PROGRAMMING\GAME_2013\GAME_2013\RELEASE\NAVMESH.OBJ
C:\USERS\100491570\DROPBOX\UNIVERSE A\PROGRAMMING\GAME_2013\GAME_2013\RELEASE\ORIENTATIONPATH.OBJ
C:\USERS\100491570\DROPBOX\UNIVERSE A\PROGRAMMING\GAME_2013\GAME_2013\RELEASE\PARTICLE.OBJ
C:\USERS\100491570\DROPBOX\UNIVERSE A\PROGRAMMING\GAME_2013\GAME_2013\RELEASE\PARTICLEMANAGER.OBJ
C:\USERS\100491570\DROPBOX\UNIVERSE A\PROGRAMMING\GAME_2013\GAME_2013\RELEASE\PARTICLESYSTEM.OBJ
C:\USERS\100491570\DROPBOX\UNIVERSE A\PROGRAMMING\GAME_2013\GAME_2013\RELEASE\PLAYER.OBJ
C:\USERS\100491570\DROPBOX\UNIVERSE A\PROGRAMMING\GAME_2013\GAME_2013\RELEASE\PROJECTILE.OBJ
C:\USERS\100491570\DROPBOX\UNIVERSE A\PROGRAMMING\GAME_2013\GAME_2013\RELEASE\QUICKBEATS.OBJ
C:\USERS\100491570\DROPBOX\UNIVERSE A\PROGRAMMING\GAME_2013\GAME_2013\RELEASE\VC100.PDB
C:\USERS\100491570\DROPBOX\UNIVERSE A\PROGRAMMING\GAME_2013\GAME_2013\RELEASE\WEAPON.OBJ
C:\USERS\100491570\DROPBOX\UNIVERSE A\PROGRAMMING\GAME_2013\RELEASE\GAME_2013.EXE
C:\USERS\100491570\DROPBOX\UNIVERSE A\PROGRAMMING\GAME_2013\RELEASE\GAME_2013.PDB
D:\USERS\PWRPLAY\DROPBOX\UNIVERSE A\PROGRAMMING\GAME_2013\GAME_2013\RELEASE\ANIMATION.OBJ
D:\USERS\PWRPLAY\DROPBOX\UNIVERSE A\PROGRAMMING\GAME_2013\GAME_2013\RELEASE\BASEENTITY.OBJ
D:\USERS\PWRPLAY\DROPBOX\UNIVERSE A\PROGRAMMING\GAME_2013\GAME_2013\RELEASE\BOUNDINGSPHERE.OBJ
D:\USERS\PWRPLAY\DROPBOX\UNIVERSE A\PROGRAMMING\GAME_2013\GAME_2013\RELEASE\CAMERA.OBJ
D:\USERS\PWRPLAY\DROPBOX\UNIVERSE A\PROGRAMMING\GAME_2013\GAME_2013\RELEASE\CATMULLPATH.OBJ
D:\USERS\PWRPLAY\DROPBOX\UNIVERSE A\PROGRAMMING\GAME_2013\GAME_2013\RELEASE\ENEMY.OBJ
D:\USERS\PWRPLAY\DROPBOX\UNIVERSE A\PROGRAMMING\GAME_2013\GAME_2013\RELEASE\ENTITYMANAGER.OBJ
D:\USERS\PWRPLAY\DROPBOX\UNIVERSE A\PROGRAMMING\GAME_2013\GAME_2013\RELEASE\EVENTMANAGER.OBJ
D:\USERS\PWRPLAY\DROPBOX\UNIVERSE A\PROGRAMMING\GAME_2013\GAME_2013\RELEASE\GAME.OBJ
D:\USERS\PWRPLAY\DROPBOX\UNIVERSE A\PROGRAMMING\GAME_2013\GAME_2013\RELEASE\GAME_2013.EXE.INTERMEDIATE.MANIFEST
D:\USERS\PWRPLAY\DROPBOX\UNIVERSE A\PROGRAMMING\GAME_2013\GAME_2013\RELEASE\ITEM.OBJ
D:\USERS\PWRPLAY\DROPBOX\UNIVERSE A\PROGRAMMING\GAME_2013\GAME_2013\RELEASE\ITEMSPAWNER.OBJ
D:\USERS\PWRPLAY\DROPBOX\UNIVERSE A\PROGRAMMING\GAME_2013\GAME_2013\RELEASE\MAIN.OBJ
D:\USERS\PWRPLAY\DROPBOX\UNIVERSE A\PROGRAMMING\GAME_2013\GAME_2013\RELEASE\MESSAGERELAY.OBJ
D:\USERS\PWRPLAY\DROPBOX\UNIVERSE A\PROGRAMMING\GAME_2013\GAME_2013\RELEASE\MODEL.OBJ
D:\USERS\PWRPLAY\DROPBOX\UNIVERSE A\PROGRAMMING\GAME_2013\GAME_2013\RELEASE\NAVMESH.OBJ
D:\USERS\PWRPLAY\DROPBOX\UNIVERSE A\PROGRAMMING\GAME_2013\GAME_2013\RELEASE\ORIENTATIONPATH.OBJ
D:\USERS\PWRPLAY\DROPBOX\UNIVERSE A\PROGRAMMING\GAME_2013\GAME_2013\RELEASE\PARTICLE.OBJ
D:\USERS\PWRPLAY\DROPBOX\UNIVERSE A\PROGRAMMING\GAME_2013\GAME_2013\RELEASE\PARTICLEMANAGER.OBJ
D:\USERS\PWRPLAY\DROPBOX\UNIVERSE A\PROGRAMMING\GAME_2013\GAME_2013\RELEASE\PARTICLESYSTEM.OBJ
D:\USERS\PWRPLAY\DROPBOX\UNIVERSE A\PROGRAMMING\GAME_2013\GAME_2013\RELEASE\PLAYER.OBJ
D:\USERS\PWRPLAY\DROPBOX\UNIVERSE A\PROGRAMMING\GAME_2013\GAME_2013\RELEASE\PROJECTILE.OBJ
D:\USERS\PWRPLAY\DROPBOX\UNIVERSE A\PROGRAMMING\GAME_2013\GAME_2013\RELEASE\QUICKBEATS.OBJ
D:\USERS\PWRPLAY\DROPBOX\UNIVERSE A\PROGRAMMING\GAME_2013\GAME_2013\RELEASE\VC100.PDB
D:\USERS\PWRPLAY\DROPBOX\UNIVERSE A\PROGRAMMING\GAME_2013\GAME_2013\RELEASE\WEAPON.OBJ
D:\USERS\PWRPLAY\DROPBOX\UNIVERSE A\PROGRAMMING\GAME_2013\RELEASE\GAME_2013.EXE
D:\USERS\PWRPLAY\DROPBOX\UNIVERSE A\PROGRAMMING\GAME_2013\RELEASE\GAME_2013.PDB
